# JRE version: OpenJDK Runtime Environment Temurin-21.0.4+7 (21.0.4+7) (build 21.0.4+7-LTS)
# Java VM: OpenJDK 64-Bit Server VM Temurin-21.0.4+7 (21.0.4+7-LTS, mixed mode, emulated-client, tiered, compressed oops, compressed class ptrs, g1 gc, windows-amd64)
GC Precious Log:
 CardTable entry size: 512
 Card Set container configuration: InlinePtr #cards 5 size 8 Array Of Cards #cards 12 size 40 Howl #buckets 4 coarsen threshold 1843 Howl Bitmap #cards 512 size 80 coarsen threshold 460 Card regions per heap region 1 cards per card region 2048
 CPUs: 8 total, 8 available
 Memory: 7967M
 Large Page Support: Disabled
 NUMA Support: Disabled
 Compressed Oops: Enabled (32-bit)
 Heap Region Size: 1M
 Heap Min Capacity: 8M
 Heap Initial Capacity: 126M
 Heap Max Capacity: 1992M
 Pre-touch: Disabled
 Parallel Workers: 8
 Concurrent Workers: 2
 Concurrent Refinement Workers: 8
 Periodic GC: Disabled
Heap:
 garbage-first heap   total 89088K, used 39636K [0x0000000083800000, 0x0000000100000000)
  region size 1024K, 13 young (13312K), 4 survivors (4096K)
 Metaspace       used 90450K, committed 91264K, reserved 1179648K
  class space    used 11473K, committed 11840K, reserved 1048576K
GC Heap History (20 events):
Event: 3120.565 GC heap before
{Heap before GC invocations=48 (full 6):
 garbage-first heap   total 89088K, used 75256K [0x0000000083800000, 0x0000000100000000)
  region size 1024K, 48 young (49152K), 0 survivors (0K)
 Metaspace       used 88820K, committed 89536K, reserved 1179648K
  class space    used 11287K, committed 11648K, reserved 1048576K
}
Event: 3120.568 GC heap after
{Heap after GC invocations=49 (full 6):
 garbage-first heap   total 89088K, used 30797K [0x0000000083800000, 0x0000000100000000)
  region size 1024K, 4 young (4096K), 4 survivors (4096K)
 Metaspace       used 88820K, committed 89536K, reserved 1179648K
  class space    used 11287K, committed 11648K, reserved 1048576K
}
Event: 3135.386 GC heap before
{Heap before GC invocations=50 (full 6):
 garbage-first heap   total 89088K, used 75853K [0x0000000083800000, 0x0000000100000000)
  region size 1024K, 49 young (50176K), 4 survivors (4096K)
 Metaspace       used 89026K, committed 89728K, reserved 1179648K
  class space    used 11300K, committed 11648K, reserved 1048576K
}
Event: 3135.391 GC heap after
{Heap after GC invocations=51 (full 6):
 garbage-first heap   total 89088K, used 33434K [0x0000000083800000, 0x0000000100000000)
  region size 1024K, 7 young (7168K), 7 survivors (7168K)
 Metaspace       used 89026K, committed 89728K, reserved 1179648K
  class space    used 11300K, committed 11648K, reserved 1048576K
}
Event: 3324.125 GC heap before
{Heap before GC invocations=51 (full 6):
 garbage-first heap   total 89088K, used 42650K [0x0000000083800000, 0x0000000100000000)
  region size 1024K, 18 young (18432K), 7 survivors (7168K)
 Metaspace       used 89251K, committed 89984K, reserved 1179648K
  class space    used 11338K, committed 11712K, reserved 1048576K
}
Event: 3324.171 GC heap after
{Heap after GC invocations=52 (full 7):
 garbage-first heap   total 89088K, used 27884K [0x0000000083800000, 0x0000000100000000)
  region size 1024K, 0 young (0K), 0 survivors (0K)
 Metaspace       used 89224K, committed 89984K, reserved 1179648K
  class space    used 11335K, committed 11712K, reserved 1048576K
}
Event: 3324.606 GC heap before
{Heap before GC invocations=52 (full 7):
 garbage-first heap   total 89088K, used 74988K [0x0000000083800000, 0x0000000100000000)
  region size 1024K, 47 young (48128K), 0 survivors (0K)
 Metaspace       used 89256K, committed 90048K, reserved 1179648K
  class space    used 11342K, committed 11712K, reserved 1048576K
}
Event: 3324.609 GC heap after
{Heap after GC invocations=53 (full 7):
 garbage-first heap   total 89088K, used 31461K [0x0000000083800000, 0x0000000100000000)
  region size 1024K, 4 young (4096K), 4 survivors (4096K)
 Metaspace       used 89256K, committed 90048K, reserved 1179648K
  class space    used 11342K, committed 11712K, reserved 1048576K
}
Event: 3348.528 GC heap before
{Heap before GC invocations=54 (full 7):
 garbage-first heap   total 89088K, used 75493K [0x0000000083800000, 0x0000000100000000)
  region size 1024K, 48 young (49152K), 4 survivors (4096K)
 Metaspace       used 89464K, committed 90240K, reserved 1179648K
  class space    used 11357K, committed 11712K, reserved 1048576K
}
Event: 3348.532 GC heap after
{Heap after GC invocations=55 (full 7):
 garbage-first heap   total 89088K, used 34703K [0x0000000083800000, 0x0000000100000000)
  region size 1024K, 5 young (5120K), 5 survivors (5120K)
 Metaspace       used 89464K, committed 90240K, reserved 1179648K
  class space    used 11357K, committed 11712K, reserved 1048576K
}
Event: 3420.045 GC heap before
{Heap before GC invocations=55 (full 7):
 garbage-first heap   total 89088K, used 50063K [0x0000000083800000, 0x0000000100000000)
  region size 1024K, 21 young (21504K), 5 survivors (5120K)
 Metaspace       used 90240K, committed 91072K, reserved 1179648K
  class space    used 11464K, committed 11840K, reserved 1048576K
}
Event: 3420.091 GC heap after
{Heap after GC invocations=56 (full 8):
 garbage-first heap   total 89088K, used 28067K [0x0000000083800000, 0x0000000100000000)
  region size 1024K, 0 young (0K), 0 survivors (0K)
 Metaspace       used 90199K, committed 91072K, reserved 1179648K
  class space    used 11459K, committed 11840K, reserved 1048576K
}
Event: 3420.509 GC heap before
{Heap before GC invocations=56 (full 8):
 garbage-first heap   total 89088K, used 74147K [0x0000000083800000, 0x0000000100000000)
  region size 1024K, 46 young (47104K), 0 survivors (0K)
 Metaspace       used 90229K, committed 91072K, reserved 1179648K
  class space    used 11465K, committed 11840K, reserved 1048576K
}
Event: 3420.511 GC heap after
{Heap after GC invocations=57 (full 8):
 garbage-first heap   total 89088K, used 31418K [0x0000000083800000, 0x0000000100000000)
  region size 1024K, 4 young (4096K), 4 survivors (4096K)
 Metaspace       used 90229K, committed 91072K, reserved 1179648K
  class space    used 11465K, committed 11840K, reserved 1048576K
}
Event: 3426.552 GC heap before
{Heap before GC invocations=58 (full 8):
 garbage-first heap   total 89088K, used 75450K [0x0000000083800000, 0x0000000100000000)
  region size 1024K, 48 young (49152K), 4 survivors (4096K)
 Metaspace       used 90400K, committed 91200K, reserved 1179648K
  class space    used 11466K, committed 11840K, reserved 1048576K
}
Event: 3426.557 GC heap after
{Heap after GC invocations=59 (full 8):
 garbage-first heap   total 89088K, used 34439K [0x0000000083800000, 0x0000000100000000)
  region size 1024K, 6 young (6144K), 6 survivors (6144K)
 Metaspace       used 90400K, committed 91200K, reserved 1179648K
  class space    used 11466K, committed 11840K, reserved 1048576K
}
Event: 3686.093 GC heap before
{Heap before GC invocations=59 (full 8):
 garbage-first heap   total 89088K, used 52871K [0x0000000083800000, 0x0000000100000000)
  region size 1024K, 26 young (26624K), 6 survivors (6144K)
 Metaspace       used 90461K, committed 91264K, reserved 1179648K
  class space    used 11477K, committed 11840K, reserved 1048576K
}
Event: 3686.133 GC heap after
{Heap after GC invocations=60 (full 9):
 garbage-first heap   total 89088K, used 28112K [0x0000000083800000, 0x0000000100000000)
  region size 1024K, 0 young (0K), 0 survivors (0K)
 Metaspace       used 90412K, committed 91264K, reserved 1179648K
  class space    used 11471K, committed 11840K, reserved 1048576K
}
Event: 3686.643 GC heap before
{Heap before GC invocations=60 (full 9):
 garbage-first heap   total 89088K, used 75216K [0x0000000083800000, 0x0000000100000000)
  region size 1024K, 47 young (48128K), 0 survivors (0K)
 Metaspace       used 90450K, committed 91264K, reserved 1179648K
  class space    used 11479K, committed 11840K, reserved 1048576K
}
Event: 3686.646 GC heap after
{Heap after GC invocations=61 (full 9):
 garbage-first heap   total 89088K, used 31444K [0x0000000083800000, 0x0000000100000000)
  region size 1024K, 4 young (4096K), 4 survivors (4096K)
 Metaspace       used 90450K, committed 91264K, reserved 1179648K
  class space    used 11479K, committed 11840K, reserved 1048576K
}

